==266319== Memcheck, a memory error detector
==266319== Copyright (C) 2002-2022, and GNU GPL'd, by Julian Seward et al.
==266319== Using Valgrind-3.20.0 and LibVEX; rerun with -h for copyright info
==266319== Command: ./comp_file
==266319== Parent PID: 266059
==266319== 
==266319== Invalid read of size 4
==266319==    at 0x5F50324: pthread_mutex_lock@@GLIBC_2.2.5 (pthread_mutex_lock.c:80)
==266319==    by 0x167DE68D: wl_event_queue_destroy (wayland-client.c:327)
==266319==    by 0x16701D29: QtWaylandClient::QWaylandDisplay::~QWaylandDisplay() (qwaylanddisplay.cpp:384)
==266319==    by 0x166EFD71: UnknownInlinedFun (qwaylanddisplay.cpp:385)
==266319==    by 0x166EFD71: UnknownInlinedFun (qscopedpointer.h:60)
==266319==    by 0x166EFD71: UnknownInlinedFun (qscopedpointer.h:107)
==266319==    by 0x166EFD71: QtWaylandClient::QWaylandIntegration::~QWaylandIntegration() (qwaylandintegration.cpp:136)
==266319==    by 0x166EFDFC: QtWaylandClient::QWaylandIntegration::~QWaylandIntegration() (qwaylandintegration.cpp:136)
==266319==    by 0x51345F7: QGuiApplicationPrivate::~QGuiApplicationPrivate() (qguiapplication.cpp:1724)
==266319==    by 0x4A1B7FC: QApplicationPrivate::~QApplicationPrivate() (qapplication.cpp:163)
==266319==    by 0x4141B7: main (main.cpp:10)
==266319==  Address 0x8d0eea8 is 248 bytes inside a block of size 328 free'd
==266319==    at 0x48460E4: free (vg_replace_malloc.c:884)
==266319==    by 0x16701D1B: QtWaylandClient::QWaylandDisplay::~QWaylandDisplay() (qwaylanddisplay.cpp:381)
==266319==    by 0x166EFD71: UnknownInlinedFun (qwaylanddisplay.cpp:385)
==266319==    by 0x166EFD71: UnknownInlinedFun (qscopedpointer.h:60)
==266319==    by 0x166EFD71: UnknownInlinedFun (qscopedpointer.h:107)
==266319==    by 0x166EFD71: QtWaylandClient::QWaylandIntegration::~QWaylandIntegration() (qwaylandintegration.cpp:136)
==266319==    by 0x166EFDFC: QtWaylandClient::QWaylandIntegration::~QWaylandIntegration() (qwaylandintegration.cpp:136)
==266319==    by 0x51345F7: QGuiApplicationPrivate::~QGuiApplicationPrivate() (qguiapplication.cpp:1724)
==266319==    by 0x4A1B7FC: QApplicationPrivate::~QApplicationPrivate() (qapplication.cpp:163)
==266319==    by 0x4141B7: main (main.cpp:10)
==266319==  Block was alloc'd at
==266319==    at 0x4848464: calloc (vg_replace_malloc.c:1340)
==266319==    by 0x167E13B2: UnknownInlinedFun (wayland-private.h:234)
==266319==    by 0x167E13B2: wl_display_connect_to_fd (wayland-client.c:1151)
==266319==    by 0x167E1620: wl_display_connect (wayland-client.c:1272)
==266319==    by 0x16701833: QtWaylandClient::QWaylandDisplay::QWaylandDisplay(QtWaylandClient::QWaylandIntegration*) (qwaylanddisplay.cpp:338)
==266319==    by 0x166F9A0E: QtWaylandClient::QWaylandIntegration::QWaylandIntegration() (qwaylandintegration.cpp:115)
==266319==    by 0x48574D9: QtWaylandClient::QWaylandIntegrationPlugin::create(QString const&, QStringList const&) (main.cpp:59)
==266319==    by 0x512B860: QPlatformIntegrationFactory::create(QString const&, QStringList const&, int&, char**, QString const&) (qplatformintegrationfactory.cpp:71)
==266319==    by 0x51383BF: init_platform (qguiapplication.cpp:1223)
==266319==    by 0x51383BF: QGuiApplicationPrivate::createPlatformIntegration() (qguiapplication.cpp:1477)
==266319==    by 0x51398C7: QGuiApplicationPrivate::createEventDispatcher() (qguiapplication.cpp:1494)
==266319==    by 0x58BFB60: QCoreApplicationPrivate::init() (qcoreapplication.cpp:835)
==266319==    by 0x513BC82: QGuiApplicationPrivate::init() (qguiapplication.cpp:1523)
==266319==    by 0x4A2232C: QApplicationPrivate::init() (qapplication.cpp:513)
==266319== 
==266319== Invalid read of size 4
==266319==    at 0x5F4FC4D: __pthread_mutex_lock_full (pthread_mutex_lock.c:198)
==266319==    by 0x167DE68D: wl_event_queue_destroy (wayland-client.c:327)
==266319==    by 0x16701D29: QtWaylandClient::QWaylandDisplay::~QWaylandDisplay() (qwaylanddisplay.cpp:384)
==266319==    by 0x166EFD71: UnknownInlinedFun (qwaylanddisplay.cpp:385)
==266319==    by 0x166EFD71: UnknownInlinedFun (qscopedpointer.h:60)
==266319==    by 0x166EFD71: UnknownInlinedFun (qscopedpointer.h:107)
==266319==    by 0x166EFD71: QtWaylandClient::QWaylandIntegration::~QWaylandIntegration() (qwaylandintegration.cpp:136)
==266319==    by 0x166EFDFC: QtWaylandClient::QWaylandIntegration::~QWaylandIntegration() (qwaylandintegration.cpp:136)
==266319==    by 0x51345F7: QGuiApplicationPrivate::~QGuiApplicationPrivate() (qguiapplication.cpp:1724)
==266319==    by 0x4A1B7FC: QApplicationPrivate::~QApplicationPrivate() (qapplication.cpp:163)
==266319==    by 0x4141B7: main (main.cpp:10)
==266319==  Address 0x8d0eea8 is 248 bytes inside a block of size 328 free'd
==266319==    at 0x48460E4: free (vg_replace_malloc.c:884)
==266319==    by 0x16701D1B: QtWaylandClient::QWaylandDisplay::~QWaylandDisplay() (qwaylanddisplay.cpp:381)
==266319==    by 0x166EFD71: UnknownInlinedFun (qwaylanddisplay.cpp:385)
==266319==    by 0x166EFD71: UnknownInlinedFun (qscopedpointer.h:60)
==266319==    by 0x166EFD71: UnknownInlinedFun (qscopedpointer.h:107)
==266319==    by 0x166EFD71: QtWaylandClient::QWaylandIntegration::~QWaylandIntegration() (qwaylandintegration.cpp:136)
==266319==    by 0x166EFDFC: QtWaylandClient::QWaylandIntegration::~QWaylandIntegration() (qwaylandintegration.cpp:136)
==266319==    by 0x51345F7: QGuiApplicationPrivate::~QGuiApplicationPrivate() (qguiapplication.cpp:1724)
==266319==    by 0x4A1B7FC: QApplicationPrivate::~QApplicationPrivate() (qapplication.cpp:163)
==266319==    by 0x4141B7: main (main.cpp:10)
==266319==  Block was alloc'd at
==266319==    at 0x4848464: calloc (vg_replace_malloc.c:1340)
==266319==    by 0x167E13B2: UnknownInlinedFun (wayland-private.h:234)
==266319==    by 0x167E13B2: wl_display_connect_to_fd (wayland-client.c:1151)
==266319==    by 0x167E1620: wl_display_connect (wayland-client.c:1272)
==266319==    by 0x16701833: QtWaylandClient::QWaylandDisplay::QWaylandDisplay(QtWaylandClient::QWaylandIntegration*) (qwaylanddisplay.cpp:338)
==266319==    by 0x166F9A0E: QtWaylandClient::QWaylandIntegration::QWaylandIntegration() (qwaylandintegration.cpp:115)
==266319==    by 0x48574D9: QtWaylandClient::QWaylandIntegrationPlugin::create(QString const&, QStringList const&) (main.cpp:59)
==266319==    by 0x512B860: QPlatformIntegrationFactory::create(QString const&, QStringList const&, int&, char**, QString const&) (qplatformintegrationfactory.cpp:71)
==266319==    by 0x51383BF: init_platform (qguiapplication.cpp:1223)
==266319==    by 0x51383BF: QGuiApplicationPrivate::createPlatformIntegration() (qguiapplication.cpp:1477)
==266319==    by 0x51398C7: QGuiApplicationPrivate::createEventDispatcher() (qguiapplication.cpp:1494)
==266319==    by 0x58BFB60: QCoreApplicationPrivate::init() (qcoreapplication.cpp:835)
==266319==    by 0x513BC82: QGuiApplicationPrivate::init() (qguiapplication.cpp:1523)
==266319==    by 0x4A2232C: QApplicationPrivate::init() (qapplication.cpp:513)
==266319== 
==266319== Invalid read of size 4
==266319==    at 0x5F51C44: __pthread_mutex_unlock_usercnt (pthread_mutex_unlock.c:51)
==266319==    by 0x16701D29: QtWaylandClient::QWaylandDisplay::~QWaylandDisplay() (qwaylanddisplay.cpp:384)
==266319==    by 0x166EFD71: UnknownInlinedFun (qwaylanddisplay.cpp:385)
==266319==    by 0x166EFD71: UnknownInlinedFun (qscopedpointer.h:60)
==266319==    by 0x166EFD71: UnknownInlinedFun (qscopedpointer.h:107)
==266319==    by 0x166EFD71: QtWaylandClient::QWaylandIntegration::~QWaylandIntegration() (qwaylandintegration.cpp:136)
==266319==    by 0x166EFDFC: QtWaylandClient::QWaylandIntegration::~QWaylandIntegration() (qwaylandintegration.cpp:136)
==266319==    by 0x51345F7: QGuiApplicationPrivate::~QGuiApplicationPrivate() (qguiapplication.cpp:1724)
==266319==    by 0x4A1B7FC: QApplicationPrivate::~QApplicationPrivate() (qapplication.cpp:163)
==266319==    by 0x4141B7: main (main.cpp:10)
==266319==  Address 0x8d0eea8 is 248 bytes inside a block of size 328 free'd
==266319==    at 0x48460E4: free (vg_replace_malloc.c:884)
==266319==    by 0x16701D1B: QtWaylandClient::QWaylandDisplay::~QWaylandDisplay() (qwaylanddisplay.cpp:381)
==266319==    by 0x166EFD71: UnknownInlinedFun (qwaylanddisplay.cpp:385)
==266319==    by 0x166EFD71: UnknownInlinedFun (qscopedpointer.h:60)
==266319==    by 0x166EFD71: UnknownInlinedFun (qscopedpointer.h:107)
==266319==    by 0x166EFD71: QtWaylandClient::QWaylandIntegration::~QWaylandIntegration() (qwaylandintegration.cpp:136)
==266319==    by 0x166EFDFC: QtWaylandClient::QWaylandIntegration::~QWaylandIntegration() (qwaylandintegration.cpp:136)
==266319==    by 0x51345F7: QGuiApplicationPrivate::~QGuiApplicationPrivate() (qguiapplication.cpp:1724)
==266319==    by 0x4A1B7FC: QApplicationPrivate::~QApplicationPrivate() (qapplication.cpp:163)
==266319==    by 0x4141B7: main (main.cpp:10)
==266319==  Block was alloc'd at
==266319==    at 0x4848464: calloc (vg_replace_malloc.c:1340)
==266319==    by 0x167E13B2: UnknownInlinedFun (wayland-private.h:234)
==266319==    by 0x167E13B2: wl_display_connect_to_fd (wayland-client.c:1151)
==266319==    by 0x167E1620: wl_display_connect (wayland-client.c:1272)
==266319==    by 0x16701833: QtWaylandClient::QWaylandDisplay::QWaylandDisplay(QtWaylandClient::QWaylandIntegration*) (qwaylanddisplay.cpp:338)
==266319==    by 0x166F9A0E: QtWaylandClient::QWaylandIntegration::QWaylandIntegration() (qwaylandintegration.cpp:115)
==266319==    by 0x48574D9: QtWaylandClient::QWaylandIntegrationPlugin::create(QString const&, QStringList const&) (main.cpp:59)
==266319==    by 0x512B860: QPlatformIntegrationFactory::create(QString const&, QStringList const&, int&, char**, QString const&) (qplatformintegrationfactory.cpp:71)
==266319==    by 0x51383BF: init_platform (qguiapplication.cpp:1223)
==266319==    by 0x51383BF: QGuiApplicationPrivate::createPlatformIntegration() (qguiapplication.cpp:1477)
==266319==    by 0x51398C7: QGuiApplicationPrivate::createEventDispatcher() (qguiapplication.cpp:1494)
==266319==    by 0x58BFB60: QCoreApplicationPrivate::init() (qcoreapplication.cpp:835)
==266319==    by 0x513BC82: QGuiApplicationPrivate::init() (qguiapplication.cpp:1523)
==266319==    by 0x4A2232C: QApplicationPrivate::init() (qapplication.cpp:513)
==266319== 
==266319== Invalid read of size 4
==266319==    at 0x5F51CA8: __pthread_mutex_unlock_usercnt (pthread_mutex_unlock.c:55)
==266319==    by 0x16701D29: QtWaylandClient::QWaylandDisplay::~QWaylandDisplay() (qwaylanddisplay.cpp:384)
==266319==    by 0x166EFD71: UnknownInlinedFun (qwaylanddisplay.cpp:385)
==266319==    by 0x166EFD71: UnknownInlinedFun (qscopedpointer.h:60)
==266319==    by 0x166EFD71: UnknownInlinedFun (qscopedpointer.h:107)
==266319==    by 0x166EFD71: QtWaylandClient::QWaylandIntegration::~QWaylandIntegration() (qwaylandintegration.cpp:136)
==266319==    by 0x166EFDFC: QtWaylandClient::QWaylandIntegration::~QWaylandIntegration() (qwaylandintegration.cpp:136)
==266319==    by 0x51345F7: QGuiApplicationPrivate::~QGuiApplicationPrivate() (qguiapplication.cpp:1724)
==266319==    by 0x4A1B7FC: QApplicationPrivate::~QApplicationPrivate() (qapplication.cpp:163)
==266319==    by 0x4141B7: main (main.cpp:10)
==266319==  Address 0x8d0eea8 is 248 bytes inside a block of size 328 free'd
==266319==    at 0x48460E4: free (vg_replace_malloc.c:884)
==266319==    by 0x16701D1B: QtWaylandClient::QWaylandDisplay::~QWaylandDisplay() (qwaylanddisplay.cpp:381)
==266319==    by 0x166EFD71: UnknownInlinedFun (qwaylanddisplay.cpp:385)
==266319==    by 0x166EFD71: UnknownInlinedFun (qscopedpointer.h:60)
==266319==    by 0x166EFD71: UnknownInlinedFun (qscopedpointer.h:107)
==266319==    by 0x166EFD71: QtWaylandClient::QWaylandIntegration::~QWaylandIntegration() (qwaylandintegration.cpp:136)
==266319==    by 0x166EFDFC: QtWaylandClient::QWaylandIntegration::~QWaylandIntegration() (qwaylandintegration.cpp:136)
==266319==    by 0x51345F7: QGuiApplicationPrivate::~QGuiApplicationPrivate() (qguiapplication.cpp:1724)
==266319==    by 0x4A1B7FC: QApplicationPrivate::~QApplicationPrivate() (qapplication.cpp:163)
==266319==    by 0x4141B7: main (main.cpp:10)
==266319==  Block was alloc'd at
==266319==    at 0x4848464: calloc (vg_replace_malloc.c:1340)
==266319==    by 0x167E13B2: UnknownInlinedFun (wayland-private.h:234)
==266319==    by 0x167E13B2: wl_display_connect_to_fd (wayland-client.c:1151)
==266319==    by 0x167E1620: wl_display_connect (wayland-client.c:1272)
==266319==    by 0x16701833: QtWaylandClient::QWaylandDisplay::QWaylandDisplay(QtWaylandClient::QWaylandIntegration*) (qwaylanddisplay.cpp:338)
==266319==    by 0x166F9A0E: QtWaylandClient::QWaylandIntegration::QWaylandIntegration() (qwaylandintegration.cpp:115)
==266319==    by 0x48574D9: QtWaylandClient::QWaylandIntegrationPlugin::create(QString const&, QStringList const&) (main.cpp:59)
==266319==    by 0x512B860: QPlatformIntegrationFactory::create(QString const&, QStringList const&, int&, char**, QString const&) (qplatformintegrationfactory.cpp:71)
==266319==    by 0x51383BF: init_platform (qguiapplication.cpp:1223)
==266319==    by 0x51383BF: QGuiApplicationPrivate::createPlatformIntegration() (qguiapplication.cpp:1477)
==266319==    by 0x51398C7: QGuiApplicationPrivate::createEventDispatcher() (qguiapplication.cpp:1494)
==266319==    by 0x58BFB60: QCoreApplicationPrivate::init() (qcoreapplication.cpp:835)
==266319==    by 0x513BC82: QGuiApplicationPrivate::init() (qguiapplication.cpp:1523)
==266319==    by 0x4A2232C: QApplicationPrivate::init() (qapplication.cpp:513)
==266319== 
==266319== 
==266319== HEAP SUMMARY:
==266319==     in use at exit: 2,254,488 bytes in 20,600 blocks
==266319==   total heap usage: 490,494 allocs, 469,894 frees, 132,134,864 bytes allocated
==266319== 
==266319== LEAK SUMMARY:
==266319==    definitely lost: 920 bytes in 11 blocks
==266319==    indirectly lost: 1,538 bytes in 24 blocks
==266319==      possibly lost: 108,988 bytes in 516 blocks
==266319==    still reachable: 2,066,114 bytes in 19,347 blocks
==266319==                       of which reachable via heuristic:
==266319==                         multipleinheritance: 408 bytes in 9 blocks
==266319==         suppressed: 0 bytes in 0 blocks
==266319== Rerun with --leak-check=full to see details of leaked memory
==266319== 
==266319== For lists of detected and suppressed errors, rerun with: -s
==266319== ERROR SUMMARY: 4 errors from 4 contexts (suppressed: 0 from 0)
